<?xml version="1.0" ?>
<!DOCTYPE coverage SYSTEM "http://cobertura.sourceforge.net/xml/coverage-04.dtd">
<coverage lines-valid="70" lines-covered="70" line-rate="1" branches-valid="17" branches-covered="17" branch-rate="1" timestamp="1705081347237" complexity="0" version="0.1">
  <sources>
    <source>/Users/moritz/code/fluidkey/fluidkey-trust-kit</source>
  </sources>
  <packages>
    <package name="main" line-rate="1" branch-rate="1">
      <classes>
        <class name="extractViewingPrivateKeyNode.ts" filename="src/extractViewingPrivateKeyNode.ts" line-rate="1" branch-rate="1">
          <methods>
            <method name="extractViewingPrivateKeyNode" hits="6" signature="()V">
              <lines>
                <line number="13" hits="6"/>
              </lines>
            </method>
          </methods>
          <lines>
            <line number="1" hits="2" branch="false"/>
            <line number="2" hits="2" branch="false"/>
            <line number="13" hits="2" branch="false"/>
            <line number="18" hits="6" branch="true" condition-coverage="100% (3/3)"/>
            <line number="19" hits="1" branch="false"/>
            <line number="23" hits="5" branch="false"/>
            <line number="26" hits="5" branch="false"/>
            <line number="29" hits="5" branch="false"/>
          </lines>
        </class>
        <class name="generateEphemeralPrivateKey.ts" filename="src/generateEphemeralPrivateKey.ts" line-rate="1" branch-rate="1">
          <methods>
            <method name="generateEphemeralPrivateKey" hits="3" signature="()V">
              <lines>
                <line number="14" hits="3"/>
              </lines>
            </method>
          </methods>
          <lines>
            <line number="1" hits="1" branch="false"/>
            <line number="14" hits="1" branch="false"/>
            <line number="26" hits="3" branch="true" condition-coverage="100% (3/3)"/>
            <line number="28" hits="2" branch="false"/>
            <line number="32" hits="3" branch="true" condition-coverage="100% (1/1)"/>
            <line number="33" hits="1" branch="false"/>
            <line number="37" hits="2" branch="false"/>
            <line number="38" hits="2" branch="false"/>
            <line number="39" hits="2" branch="false"/>
            <line number="42" hits="2" branch="false"/>
            <line number="43" hits="2" branch="false"/>
            <line number="44" hits="2" branch="true" condition-coverage="100% (1/1)"/>
            <line number="45" hits="1" branch="false"/>
            <line number="46" hits="1" branch="false"/>
            <line number="50" hits="2" branch="false"/>
            <line number="53" hits="2" branch="false"/>
            <line number="62" hits="2" branch="false"/>
          </lines>
        </class>
        <class name="generateKeysFromSignature.ts" filename="src/generateKeysFromSignature.ts" line-rate="1" branch-rate="1">
          <methods>
            <method name="generateKeysFromSignature" hits="3" signature="()V">
              <lines>
                <line number="12" hits="3"/>
              </lines>
            </method>
          </methods>
          <lines>
            <line number="1" hits="1" branch="false"/>
            <line number="12" hits="1" branch="false"/>
            <line number="17" hits="3" branch="true" condition-coverage="100% (3/3)"/>
            <line number="18" hits="2" branch="false"/>
            <line number="22" hits="1" branch="false"/>
            <line number="23" hits="1" branch="false"/>
            <line number="24" hits="1" branch="false"/>
            <line number="25" hits="1" branch="false"/>
            <line number="28" hits="1" branch="false"/>
            <line number="29" hits="1" branch="false"/>
            <line number="32" hits="1" branch="false"/>
          </lines>
        </class>
        <class name="generateStealthAddresses.ts" filename="src/generateStealthAddresses.ts" line-rate="1" branch-rate="1">
          <methods>
            <method name="generateStealthAddresses" hits="1" signature="()V">
              <lines>
                <line number="12" hits="1"/>
              </lines>
            </method>
          </methods>
          <lines>
            <line number="1" hits="1" branch="false"/>
            <line number="2" hits="1" branch="false"/>
            <line number="12" hits="1" branch="false"/>
            <line number="20" hits="1" branch="false"/>
            <line number="23" hits="1" branch="false"/>
            <line number="25" hits="2" branch="false"/>
            <line number="32" hits="2" branch="false"/>
            <line number="35" hits="2" branch="false"/>
            <line number="38" hits="2" branch="false"/>
            <line number="42" hits="2" branch="false"/>
            <line number="45" hits="2" branch="false"/>
            <line number="49" hits="1" branch="false"/>
          </lines>
        </class>
        <class name="predictStealthSafeAddress.ts" filename="src/predictStealthSafeAddress.ts" line-rate="1" branch-rate="1">
          <methods>
            <method name="predictStealthSafeAddress" hits="2" signature="()V">
              <lines>
                <line number="18" hits="2"/>
              </lines>
            </method>
          </methods>
          <lines>
            <line number="1" hits="1" branch="false"/>
            <line number="6" hits="1" branch="false"/>
            <line number="7" hits="1" branch="false"/>
            <line number="8" hits="1" branch="false"/>
            <line number="18" hits="1" branch="false"/>
            <line number="30" hits="2" branch="false"/>
            <line number="31" hits="2" branch="false"/>
            <line number="34" hits="2" branch="false"/>
            <line number="41" hits="2" branch="false"/>
            <line number="44" hits="2" branch="false"/>
            <line number="47" hits="2" branch="false"/>
            <line number="50" hits="2" branch="true" condition-coverage="100% (4/4)"/>
            <line number="51" hits="1" branch="false"/>
            <line number="55" hits="1" branch="false"/>
            <line number="71" hits="1" branch="false"/>
            <line number="79" hits="1" branch="false"/>
            <line number="80" hits="185" branch="true" condition-coverage="100% (1/1)"/>
            <line number="81" hits="1" branch="false"/>
            <line number="86" hits="1" branch="false"/>
            <line number="92" hits="1" branch="false"/>
            <line number="102" hits="1" branch="false"/>
            <line number="103" hits="1" branch="false"/>
          </lines>
        </class>
      </classes>
    </package>
  </packages>
</coverage>
