{"/Users/moritz/code/fluidkey/fluidkey-trust-kit/src/extractViewingPrivateKeyNode.ts": {"path":"/Users/moritz/code/fluidkey/fluidkey-trust-kit/src/extractViewingPrivateKeyNode.ts","statementMap":{"0":{"start":{"line":1,"column":0},"end":{"line":1,"column":38}},"1":{"start":{"line":2,"column":0},"end":{"line":2,"column":38}},"2":{"start":{"line":18,"column":2},"end":{"line":20,"column":3}},"3":{"start":{"line":19,"column":4},"end":{"line":19,"column":61}},"4":{"start":{"line":23,"column":33},"end":{"line":23,"column":59}},"5":{"start":{"line":26,"column":16},"end":{"line":26,"column":60}},"6":{"start":{"line":29,"column":2},"end":{"line":29,"column":42}},"7":{"start":{"line":13,"column":0},"end":{"line":13,"column":16}}},"fnMap":{"0":{"name":"extractViewingPrivateKeyNode","decl":{"start":{"line":13,"column":16},"end":{"line":13,"column":44}},"loc":{"start":{"line":15,"column":18},"end":{"line":30,"column":1}}}},"branchMap":{"0":{"loc":{"start":{"line":15,"column":2},"end":{"line":15,"column":18}},"type":"default-arg","locations":[{"start":{"line":15,"column":17},"end":{"line":15,"column":18}}]},"1":{"loc":{"start":{"line":18,"column":2},"end":{"line":20,"column":3}},"type":"if","locations":[{"start":{"line":18,"column":2},"end":{"line":20,"column":3}}]},"2":{"loc":{"start":{"line":18,"column":6},"end":{"line":18,"column":66}},"type":"binary-expr","locations":[{"start":{"line":18,"column":6},"end":{"line":18,"column":31}},{"start":{"line":18,"column":35},"end":{"line":18,"column":66}}]}},"s":{"0":2,"1":2,"2":6,"3":1,"4":5,"5":5,"6":5,"7":2},"f":{"0":6},"b":{"0":[5],"1":[1],"2":[6,5]}}
,"/Users/moritz/code/fluidkey/fluidkey-trust-kit/src/generateEphemeralPrivateKey.ts": {"path":"/Users/moritz/code/fluidkey/fluidkey-trust-kit/src/generateEphemeralPrivateKey.ts","statementMap":{"0":{"start":{"line":1,"column":0},"end":{"line":1,"column":29}},"1":{"start":{"line":26,"column":2},"end":{"line":29,"column":3}},"2":{"start":{"line":28,"column":4},"end":{"line":28,"column":44}},"3":{"start":{"line":32,"column":2},"end":{"line":34,"column":3}},"4":{"start":{"line":33,"column":4},"end":{"line":33,"column":60}},"5":{"start":{"line":37,"column":25},"end":{"line":37,"column":63}},"6":{"start":{"line":38,"column":24},"end":{"line":38,"column":64}},"7":{"start":{"line":39,"column":24},"end":{"line":39,"column":61}},"8":{"start":{"line":42,"column":20},"end":{"line":42,"column":29}},"9":{"start":{"line":43,"column":20},"end":{"line":43,"column":21}},"10":{"start":{"line":44,"column":2},"end":{"line":47,"column":3}},"11":{"start":{"line":45,"column":4},"end":{"line":45,"column":54}},"12":{"start":{"line":46,"column":4},"end":{"line":46,"column":36}},"13":{"start":{"line":50,"column":16},"end":{"line":50,"column":82}},"14":{"start":{"line":53,"column":26},"end":{"line":53,"column":61}},"15":{"start":{"line":62,"column":2},"end":{"line":62,"column":68}},"16":{"start":{"line":14,"column":0},"end":{"line":14,"column":16}}},"fnMap":{"0":{"name":"generateEphemeralPrivateKey","decl":{"start":{"line":14,"column":16},"end":{"line":14,"column":43}},"loc":{"start":{"line":24,"column":1},"end":{"line":63,"column":1}}}},"branchMap":{"0":{"loc":{"start":{"line":26,"column":2},"end":{"line":29,"column":3}},"type":"if","locations":[{"start":{"line":26,"column":2},"end":{"line":29,"column":3}}]},"1":{"loc":{"start":{"line":26,"column":6},"end":{"line":26,"column":41}},"type":"binary-expr","locations":[{"start":{"line":26,"column":6},"end":{"line":26,"column":22}},{"start":{"line":26,"column":26},"end":{"line":26,"column":41}}]},"2":{"loc":{"start":{"line":32,"column":2},"end":{"line":34,"column":3}},"type":"if","locations":[{"start":{"line":32,"column":2},"end":{"line":34,"column":3}}]},"3":{"loc":{"start":{"line":44,"column":2},"end":{"line":47,"column":3}},"type":"if","locations":[{"start":{"line":44,"column":2},"end":{"line":47,"column":3}}]}},"s":{"0":1,"1":3,"2":2,"3":3,"4":1,"5":2,"6":2,"7":2,"8":2,"9":2,"10":2,"11":1,"12":1,"13":2,"14":2,"15":2,"16":1},"f":{"0":3},"b":{"0":[2],"1":[3,3],"2":[1],"3":[1]}}
,"/Users/moritz/code/fluidkey/fluidkey-trust-kit/src/generateKeysFromSignature.ts": {"path":"/Users/moritz/code/fluidkey/fluidkey-trust-kit/src/generateKeysFromSignature.ts","statementMap":{"0":{"start":{"line":1,"column":0},"end":{"line":1,"column":40}},"1":{"start":{"line":17,"column":2},"end":{"line":19,"column":3}},"2":{"start":{"line":18,"column":4},"end":{"line":18,"column":47}},"3":{"start":{"line":22,"column":21},"end":{"line":22,"column":22}},"4":{"start":{"line":23,"column":17},"end":{"line":23,"column":19}},"5":{"start":{"line":24,"column":19},"end":{"line":24,"column":67}},"6":{"start":{"line":25,"column":19},"end":{"line":25,"column":85}},"7":{"start":{"line":28,"column":29},"end":{"line":28,"column":55}},"8":{"start":{"line":29,"column":28},"end":{"line":29,"column":54}},"9":{"start":{"line":32,"column":2},"end":{"line":35,"column":4}},"10":{"start":{"line":12,"column":0},"end":{"line":12,"column":16}}},"fnMap":{"0":{"name":"generateKeysFromSignature","decl":{"start":{"line":12,"column":16},"end":{"line":12,"column":41}},"loc":{"start":{"line":12,"column":66},"end":{"line":36,"column":1}}}},"branchMap":{"0":{"loc":{"start":{"line":17,"column":2},"end":{"line":19,"column":3}},"type":"if","locations":[{"start":{"line":17,"column":2},"end":{"line":19,"column":3}}]},"1":{"loc":{"start":{"line":17,"column":6},"end":{"line":17,"column":51}},"type":"binary-expr","locations":[{"start":{"line":17,"column":6},"end":{"line":17,"column":23}},{"start":{"line":17,"column":27},"end":{"line":17,"column":51}}]}},"s":{"0":1,"1":3,"2":2,"3":1,"4":1,"5":1,"6":1,"7":1,"8":1,"9":1,"10":1},"f":{"0":3},"b":{"0":[2],"1":[3,2]}}
,"/Users/moritz/code/fluidkey/fluidkey-trust-kit/src/generateStealthAddresses.ts": {"path":"/Users/moritz/code/fluidkey/fluidkey-trust-kit/src/generateStealthAddresses.ts","statementMap":{"0":{"start":{"line":1,"column":0},"end":{"line":1,"column":41}},"1":{"start":{"line":2,"column":0},"end":{"line":2,"column":40}},"2":{"start":{"line":20,"column":37},"end":{"line":20,"column":39}},"3":{"start":{"line":23,"column":2},"end":{"line":46,"column":3}},"4":{"start":{"line":25,"column":25},"end":{"line":28,"column":null}},"5":{"start":{"line":32,"column":31},"end":{"line":32,"column":70}},"6":{"start":{"line":35,"column":25},"end":{"line":35,"column":71}},"7":{"start":{"line":38,"column":29},"end":{"line":38,"column":78}},"8":{"start":{"line":42,"column":6},"end":{"line":42,"column":91}},"9":{"start":{"line":45,"column":4},"end":{"line":45,"column":42}},"10":{"start":{"line":49,"column":2},"end":{"line":49,"column":30}},"11":{"start":{"line":12,"column":0},"end":{"line":12,"column":16}}},"fnMap":{"0":{"name":"generateStealthAddresses","decl":{"start":{"line":12,"column":16},"end":{"line":12,"column":40}},"loc":{"start":{"line":18,"column":1},"end":{"line":50,"column":1}}}},"branchMap":{},"s":{"0":1,"1":1,"2":1,"3":1,"4":2,"5":2,"6":2,"7":2,"8":2,"9":2,"10":1,"11":1},"f":{"0":1},"b":{}}
,"/Users/moritz/code/fluidkey/fluidkey-trust-kit/src/predictStealthSafeAddress.ts": {"path":"/Users/moritz/code/fluidkey/fluidkey-trust-kit/src/predictStealthSafeAddress.ts","statementMap":{"0":{"start":{"line":1,"column":0},"end":{"line":1,"column":null}},"1":{"start":{"line":6,"column":0},"end":{"line":6,"column":68}},"2":{"start":{"line":7,"column":0},"end":{"line":7,"column":52}},"3":{"start":{"line":8,"column":0},"end":{"line":8,"column":38}},"4":{"start":{"line":31,"column":23},"end":{"line":31,"column":67}},"5":{"start":{"line":32,"column":23},"end":{"line":32,"column":30}},"6":{"start":{"line":35,"column":24},"end":{"line":39,"column":4}},"7":{"start":{"line":42,"column":23},"end":{"line":42,"column":63}},"8":{"start":{"line":45,"column":24},"end":{"line":45,"column":65}},"9":{"start":{"line":48,"column":26},"end":{"line":48,"column":69}},"10":{"start":{"line":51,"column":2},"end":{"line":53,"column":3}},"11":{"start":{"line":52,"column":4},"end":{"line":52,"column":71}},"12":{"start":{"line":56,"column":22},"end":{"line":69,"column":4}},"13":{"start":{"line":72,"column":17},"end":{"line":76,"column":4}},"14":{"start":{"line":80,"column":2},"end":{"line":84,"column":3}},"15":{"start":{"line":81,"column":4},"end":{"line":83,"column":5}},"16":{"start":{"line":82,"column":6},"end":{"line":82,"column":28}},"17":{"start":{"line":87,"column":17},"end":{"line":90,"column":4}},"18":{"start":{"line":93,"column":17},"end":{"line":100,"column":4}},"19":{"start":{"line":103,"column":30},"end":{"line":103,"column":71}},"20":{"start":{"line":104,"column":2},"end":{"line":104,"column":32}},"21":{"start":{"line":19,"column":0},"end":{"line":19,"column":7}}},"fnMap":{"0":{"name":"predictStealthSafeAddress","decl":{"start":{"line":19,"column":22},"end":{"line":19,"column":47}},"loc":{"start":{"line":29,"column":1},"end":{"line":105,"column":1}}}},"branchMap":{"0":{"loc":{"start":{"line":51,"column":2},"end":{"line":53,"column":3}},"type":"if","locations":[{"start":{"line":51,"column":2},"end":{"line":53,"column":3}}]},"1":{"loc":{"start":{"line":51,"column":6},"end":{"line":51,"column":78}},"type":"binary-expr","locations":[{"start":{"line":51,"column":6},"end":{"line":51,"column":26}},{"start":{"line":51,"column":30},"end":{"line":51,"column":51}},{"start":{"line":51,"column":55},"end":{"line":51,"column":78}}]},"2":{"loc":{"start":{"line":81,"column":4},"end":{"line":83,"column":5}},"type":"if","locations":[{"start":{"line":81,"column":4},"end":{"line":83,"column":5}}]}},"s":{"0":1,"1":1,"2":1,"3":1,"4":2,"5":2,"6":2,"7":2,"8":2,"9":2,"10":2,"11":1,"12":1,"13":1,"14":1,"15":185,"16":1,"17":1,"18":1,"19":1,"20":1,"21":1},"f":{"0":2},"b":{"0":[1],"1":[2,1,1],"2":[1]}}
}
