TN:
SF:src/extractViewingPrivateKeyNode.ts
FN:13,extractViewingPrivateKeyNode
FNF:1
FNH:1
FNDA:6,extractViewingPrivateKeyNode
DA:1,2
DA:2,2
DA:13,2
DA:18,6
DA:19,1
DA:23,5
DA:26,5
DA:29,5
LF:8
LH:8
BRDA:15,0,0,5
BRDA:18,1,0,1
BRDA:18,2,0,6
BRDA:18,2,1,5
BRF:4
BRH:4
end_of_record
TN:
SF:src/generateEphemeralPrivateKey.ts
FN:14,generateEphemeralPrivateKey
FNF:1
FNH:1
FNDA:3,generateEphemeralPrivateKey
DA:1,1
DA:14,1
DA:26,3
DA:28,2
DA:32,3
DA:33,1
DA:37,2
DA:38,2
DA:39,2
DA:42,2
DA:43,2
DA:44,2
DA:45,1
DA:46,1
DA:50,2
DA:53,2
DA:62,2
LF:17
LH:17
BRDA:26,0,0,2
BRDA:26,1,0,3
BRDA:26,1,1,3
BRDA:32,2,0,1
BRDA:44,3,0,1
BRF:5
BRH:5
end_of_record
TN:
SF:src/generateKeysFromSignature.ts
FN:12,generateKeysFromSignature
FNF:1
FNH:1
FNDA:3,generateKeysFromSignature
DA:1,1
DA:12,1
DA:17,3
DA:18,2
DA:22,1
DA:23,1
DA:24,1
DA:25,1
DA:28,1
DA:29,1
DA:32,1
LF:11
LH:11
BRDA:17,0,0,2
BRDA:17,1,0,3
BRDA:17,1,1,2
BRF:3
BRH:3
end_of_record
TN:
SF:src/generateStealthAddresses.ts
FN:12,generateStealthAddresses
FNF:1
FNH:1
FNDA:1,generateStealthAddresses
DA:1,1
DA:2,1
DA:12,1
DA:20,1
DA:23,1
DA:25,2
DA:32,2
DA:35,2
DA:38,2
DA:42,2
DA:45,2
DA:49,1
LF:12
LH:12
BRF:0
BRH:0
end_of_record
TN:
SF:src/predictStealthSafeAddress.ts
FN:19,predictStealthSafeAddress
FNF:1
FNH:1
FNDA:2,predictStealthSafeAddress
DA:1,1
DA:6,1
DA:7,1
DA:8,1
DA:19,1
DA:31,2
DA:32,2
DA:35,2
DA:42,2
DA:45,2
DA:48,2
DA:51,2
DA:52,1
DA:56,1
DA:72,1
DA:80,1
DA:81,185
DA:82,1
DA:87,1
DA:93,1
DA:103,1
DA:104,1
LF:22
LH:22
BRDA:51,0,0,1
BRDA:51,1,0,2
BRDA:51,1,1,1
BRDA:51,1,2,1
BRDA:81,2,0,1
BRF:5
BRH:5
end_of_record
